<?xml version="1.0" encoding="UTF-8"?>
<!-- Generated by org.testng.reporters.JUnitReportReporter -->
<testsuite hostname="ID100212" name="Teamwork.BStack.AppTest" tests="2" failures="0" timestamp="12 Jan 2017 12:55:03 GMT" time="11.752" errors="0">
  <testcase name="testSimple" time="4.562" classname="Teamwork.BStack.AppTest"/>
  <testcase name="testSimple" time="7.190" classname="Teamwork.BStack.AppTest"/>
</testsuite> <!-- Teamwork.BStack.AppTest -->
